<?xml version="1.0" encoding="UTF-8"?>
<!-- Generated by org.testng.reporters.JUnitXMLReporter -->
<testsuite ignored="0" hostname="ILD-PUN-LAP-227" failures="0" tests="5" name="Test" time="378.403" errors="0" timestamp="2024-04-29T10:34:50 IST">
  <testcase classname="beakAIOps.ScriptModuleTestCases.baseClass" name="@BeforeMethod setUp" time="3.895">
    <failure type="org.openqa.selenium.NoSuchWindowException" message="no such window: target window already closed
from unknown error: web view not found
  (Session info: chrome=124.0.6367.91)
Build info: version: &amp;apos;4.18.1&amp;apos;, revision: &amp;apos;b1d3319b48&amp;apos;
System info: os.name: &amp;apos;Windows 11&amp;apos;, os.arch: &amp;apos;amd64&amp;apos;, os.version: &amp;apos;10.0&amp;apos;, java.version: &amp;apos;17.0.10&amp;apos;
Driver info: org.openqa.selenium.chrome.ChromeDriver
Command: [094739fd4f5952f08133e6073867f4e5, deleteAllCookies {}]
Capabilities {acceptInsecureCerts: false, browserName: chrome, browserVersion: 124.0.6367.91, chrome: {chromedriverVersion: 123.0.6312.58 (6b4b19e9dfbb..., userDataDir: C:\Users\chandole\AppData\L...}, fedcm:accounts: true, goog:chromeOptions: {debuggerAddress: localhost:59542}, networkConnectionEnabled: false, pageLoadStrategy: normal, platformName: windows, proxy: Proxy(), se:cdp: ws://localhost:59542/devtoo..., se:cdpVersion: 124.0.6367.91, setWindowRect: true, strictFileInteractability: false, timeouts: {implicit: 0, pageLoad: 300000, script: 30000}, unhandledPromptBehavior: dismiss and notify, webauthn:extension:credBlob: true, webauthn:extension:largeBlob: true, webauthn:extension:minPinLength: true, webauthn:extension:prf: true, webauthn:virtualAuthenticators: true}
Session ID: 094739fd4f5952f08133e6073867f4e5">
      <![CDATA[org.openqa.selenium.NoSuchWindowException: no such window: target window already closed
from unknown error: web view not found
  (Session info: chrome=124.0.6367.91)
Build info: version: '4.18.1', revision: 'b1d3319b48'
System info: os.name: 'Windows 11', os.arch: 'amd64', os.version: '10.0', java.version: '17.0.10'
Driver info: org.openqa.selenium.chrome.ChromeDriver
Command: [094739fd4f5952f08133e6073867f4e5, deleteAllCookies {}]
Capabilities {acceptInsecureCerts: false, browserName: chrome, browserVersion: 124.0.6367.91, chrome: {chromedriverVersion: 123.0.6312.58 (6b4b19e9dfbb..., userDataDir: C:\Users\chandole\AppData\L...}, fedcm:accounts: true, goog:chromeOptions: {debuggerAddress: localhost:59542}, networkConnectionEnabled: false, pageLoadStrategy: normal, platformName: windows, proxy: Proxy(), se:cdp: ws://localhost:59542/devtoo..., se:cdpVersion: 124.0.6367.91, setWindowRect: true, strictFileInteractability: false, timeouts: {implicit: 0, pageLoad: 300000, script: 30000}, unhandledPromptBehavior: dismiss and notify, webauthn:extension:credBlob: true, webauthn:extension:largeBlob: true, webauthn:extension:minPinLength: true, webauthn:extension:prf: true, webauthn:virtualAuthenticators: true}
Session ID: 094739fd4f5952f08133e6073867f4e5
at org.openqa.selenium.remote.ErrorCodec.decode(ErrorCodec.java:167)
at org.openqa.selenium.remote.codec.w3c.W3CHttpResponseCodec.decode(W3CHttpResponseCodec.java:138)
at org.openqa.selenium.remote.codec.w3c.W3CHttpResponseCodec.decode(W3CHttpResponseCodec.java:50)
at org.openqa.selenium.remote.HttpCommandExecutor.execute(HttpCommandExecutor.java:190)
at org.openqa.selenium.remote.service.DriverCommandExecutor.invokeExecute(DriverCommandExecutor.java:216)
at org.openqa.selenium.remote.service.DriverCommandExecutor.execute(DriverCommandExecutor.java:174)
at org.openqa.selenium.remote.RemoteWebDriver.execute(RemoteWebDriver.java:519)
at org.openqa.selenium.remote.RemoteWebDriver.execute(RemoteWebDriver.java:592)
at org.openqa.selenium.remote.RemoteWebDriver.execute(RemoteWebDriver.java:596)
at org.openqa.selenium.remote.RemoteWebDriver$RemoteWebDriverOptions.deleteAllCookies(RemoteWebDriver.java:856)
at beakAIOps.ScriptModuleTestCases.baseClass.setUp(baseClass.java:50)
at java.base/java.util.ArrayList.forEach(ArrayList.java:1511)
... Removed 36 stack frames]]>
    </failure>
  </testcase> <!-- @BeforeMethod setUp -->
  <testcase classname="beakAIOps.ScriptModuleTestCases.baseClass" name="@AfterMethod tearDown" time="-1.714366906627E9">
    <skipped/>
  </testcase> <!-- @AfterMethod tearDown -->
  <testcase classname="beakAIOps.ScriptModuleTestCases.TC01VerifyLoginFunctinality" name="loginFunctionalityCheck" time="43.146"/>
  <testcase classname="beakAIOps.ScriptModuleTestCases.TC02CreateGlobalLevelScript" name="createGlobalLevelScript" time="56.477"/>
  <testcase classname="beakAIOps.ScriptModuleTestCases.TC03EditGlobalLevelScript" name="EditGlobalLevelScript" time="0.0">
    <skipped/>
  </testcase> <!-- EditGlobalLevelScript -->
  <testcase classname="beakAIOps.ScriptModuleTestCases.TC04DeactivateGlobalLevalScript" name="DeactivateGlobalLevelScript" time="50.468"/>
  <testcase classname="beakAIOps.ScriptModuleTestCases.TC05ReactivateGlobalLevelScript" name="ReactivateGlobalLevelScript" time="55.85"/>
</testsuite> <!-- Test -->
