<?xml version="1.0" encoding="UTF-8"?>
<!-- Generated by org.testng.reporters.JUnitXMLReporter -->
<testsuite ignored="0" hostname="ILD-PUN-LAP-227" failures="1" tests="4" name="ScriptSanityTesting" time="526.26" errors="0" timestamp="18 Apr 2024 10:50:28 GMT">
  <testcase classname="beakAIOps.ScriptModuleTestCases.TC01VerifyLoginFunctinality" name="loginfunctianlity" time="27.54"/>
  <testcase classname="beakAIOps.ScriptModuleTestCases.TC02CreateGlobalLevelScript" name="CreateGlobalScript" time="67.533"/>
  <testcase classname="beakAIOps.ScriptModuleTestCases.TC03DeactivateGlobalLevalScript" name="DeactivateGlobalLevelScript" time="62.192"/>
  <testcase classname="beakAIOps.ScriptModuleTestCases.TC05EditGlobalLevelScript" name="EditGlobalLevelScript" time="69.896">
    <failure type="org.openqa.selenium.NoSuchElementException" message="Unable to find element with locator By.xpath: //button[@class=&amp;apos;MuiButtonBase-root MuiButton-root MuiButton-text add-btn&amp;apos;]
For documentation on this error, please visit: https://www.selenium.dev/documentation/webdriver/troubleshooting/errors#no-such-element-exception
Build info: version: &amp;apos;4.18.1&amp;apos;, revision: &amp;apos;b1d3319b48&amp;apos;
System info: os.name: &amp;apos;Windows 11&amp;apos;, os.arch: &amp;apos;amd64&amp;apos;, os.version: &amp;apos;10.0&amp;apos;, java.version: &amp;apos;17.0.10&amp;apos;
Driver info: driver.version: RemoteWebDriver">
      <![CDATA[org.openqa.selenium.NoSuchElementException: Unable to find element with locator By.xpath: //button[@class='MuiButtonBase-root MuiButton-root MuiButton-text add-btn']
For documentation on this error, please visit: https://www.selenium.dev/documentation/webdriver/troubleshooting/errors#no-such-element-exception
Build info: version: '4.18.1', revision: 'b1d3319b48'
System info: os.name: 'Windows 11', os.arch: 'amd64', os.version: '10.0', java.version: '17.0.10'
Driver info: driver.version: RemoteWebDriver
	at org.openqa.selenium.remote.ElementLocation$ElementFinder$2.findElement(ElementLocation.java:168)
	at org.openqa.selenium.remote.ElementLocation.findElement(ElementLocation.java:59)
	at org.openqa.selenium.remote.RemoteWebDriver.findElement(RemoteWebDriver.java:356)
	at org.openqa.selenium.remote.RemoteWebDriver.findElement(RemoteWebDriver.java:350)
	at org.openqa.selenium.support.pagefactory.DefaultElementLocator.findElement(DefaultElementLocator.java:68)
	at org.openqa.selenium.support.pagefactory.internal.LocatingElementHandler.invoke(LocatingElementHandler.java:38)
	at jdk.proxy2/jdk.proxy2.$Proxy16.click(Unknown Source)
	at beakAIOps.TestingPOM.EditGlobalLevelScriptPOMClass.ClickOnOKButton(EditGlobalLevelScriptPOMClass.java:71)
	at beakAIOps.ScriptModuleTestCases.TC05EditGlobalLevelScript.EditGlobalLevelScript(TC05EditGlobalLevelScript.java:64)
... Removed 25 stack frames]]>
    </failure>
  </testcase> <!-- EditGlobalLevelScript -->
</testsuite> <!-- ScriptSanityTesting -->
